<?xml version="1.0" encoding="UTF-8"?>
<!-- Generated by org.testng.reporters.JUnitXMLReporter -->
<testsuite ignored="6" hostname="Tomax" failures="0" tests="29" name="TomaGrade" time="283.465" errors="0" timestamp="2023-05-01T11:17:33 IDT">
  <testcase classname="tomaGradeSanity.LoginTests" name="test_01_verifyCredentialsAreRequired" time="1.782"/>
  <testcase classname="tomaGradeSanity.LoginTests" name="test_02_verifySuccessfulLogin" time="10.811"/>
  <testcase classname="tomaGradeSanity.HomeScreenContentTests" name="test_01_verifyLastConnectionDetailsAreDisplayed" time="0.055"/>
  <testcase classname="tomaGradeSanity.HomeScreenContentTests" name="test_02_verifyTomaxImageIsDisplayed" time="0.041"/>
  <testcase classname="tomaGradeSanity.HomeScreenContentTests" name="test_03_verifyActionsButtonsAreAvailable" time="0.292"/>
  <testcase classname="tomaGradeSanity.HomeScreenContentTests" name="test_04_verifyActionsButtonsHiddenText" time="0.103"/>
  <testcase classname="tomaGradeSanity.HomeScreenContentTests" name="test_05_verifyTopTabsAvailabilityAndContent" time="0.404"/>
  <testcase classname="tomaGradeSanity.HomeScreenContentTests" name="test_06_verifySelectedCourseDetails" time="14.938"/>
  <testcase classname="tomaGradeSanity.HomeScreenContentTests" name="test_07_verifySelectedCourseTopLeftDetails" time="0.045"/>
  <testcase classname="tomaGradeSanity.HomeScreenContentTests" name="test_08_verifyNumOfSelectedExams" time="0.039"/>
  <testcase classname="tomaGradeSanity.HomeScreenContentTests" name="test_09_verifyProcessStepsAreDisplayed" time="0.142"/>
  <testcase classname="tomaGradeSanity.HomeScreenContentTests" name="test_10_verifyEachProcessStepStatus" time="0.056"/>
  <testcase classname="tomaGradeSanity.HomeScreenContentTests" name="test_11_verifyOtherOperationMenuOptions" time="1.314"/>
  <testcase classname="tomaGradeSanity.OnlineExamsTests" name="test_01_verifyAvailableGradingModesAndTheirDefault" time="0.104"/>
  <testcase classname="tomaGradeSanity.OnlineExamsTests" name="test_02_verifySelectedCourseDetails" time="0.048"/>
  <testcase classname="tomaGradeSanity.OnlineExamsTests" name="test_03_verifyNextAndPreviousExamButtons" time="0.187"/>
  <testcase classname="tomaGradeSanity.OnlineExamsTests" name="test_04_verifyStudentID" time="0.051"/>
  <testcase classname="tomaGradeSanity.OnlineExamsTests" name="test_05_verifyPageNumberIsDisplayed" time="0.053"/>
  <testcase classname="tomaGradeSanity.OnlineExamsTests" name="test_06_verifyApproveButtonAvailability" time="0.109"/>
  <testcase classname="tomaGradeSanity.OnlineExamsTests" name="test_07_verifyCorrectNumberOfExamines" time="0.019"/>
  <testcase classname="tomaGradeSanity.OnlineExamsTests" name="test_08_verifyBackToStudentsButtonProperties" time="0.06"/>
  <testcase classname="tomaGradeSanity.OnlineExamsTests" name="test_09_verifyActionLinksButtonsAreAvailable" time="0.161"/>
  <testcase classname="tomaGradeSanity.OnlineExamsTests" name="test_11_verifyActionLinksHiddenText" time="0.111"/>
  <testcase classname="tomaGradeSanity.OnlineExamsTests" name="test_12_verifyNumOfAnnotationToolbarSections" time="0.017"/>
  <testcase classname="tomaGradeSanity.OnlineExamsTests" name="test_13_verifyMaxPointsAndCommentCorrectnessUsingMainGAnnotation" time="38.102"/>
  <testcase classname="tomaGradeSanity.OnlineExamsTests" name="test_14_verifyCorrectGradeUsingMainGAnnotation" time="24.298"/>
  <testcase classname="tomaGradeSanity.OnlineExamsTests" name="test_15_verifyMaxPossibleGradeUsingVAnnotation" time="24.108"/>
  <testcase classname="tomaGradeSanity.OnlineExamsTests" name="test_16_verifyCorrectGradeAndCommentCorrectnessUsingInternalGAnnotation" time="36.801"/>
  <testcase classname="tomaGradeSanity.OnlineExamsTests" name="test_17_verifyMaxPossibleGradeUsingVAnnotation" time="24.145"/>
  <testcase classname="tomaGradeSanity.OnlineExamsTests" name="test_19_verifyHalfOfMaxPossibleGradeAndCommentCorrectnessUsingCrossedVAnnotation" time="0.0">
    <ignored/>
  </testcase> <!-- test_19_verifyHalfOfMaxPossibleGradeAndCommentCorrectnessUsingCrossedVAnnotation -->
  <testcase classname="tomaGradeSanity.OnlineExamsTests" name="test_20_verifyNoAnswerIndicationAndCommentCorrectnessUsingNoAnswerAnnotation" time="0.0">
    <ignored/>
  </testcase> <!-- test_20_verifyNoAnswerIndicationAndCommentCorrectnessUsingNoAnswerAnnotation -->
  <testcase classname="tomaGradeSanity.OnlineExamsTests" name="test_10_verifyActionLinksHiddenTextDisplayedWhenHovered" time="0.0">
    <ignored/>
  </testcase> <!-- test_10_verifyActionLinksHiddenTextDisplayedWhenHovered -->
  <testcase classname="tomaGradeSanity.OnlineExamsTests" name="test_18_verifyZeroGradeAndCommentCorrectnessUsingXAnnotation" time="0.0">
    <ignored/>
  </testcase> <!-- test_18_verifyZeroGradeAndCommentCorrectnessUsingXAnnotation -->
  <testcase classname="tomaGradeSanity.OnlineExamsTests" name="test_22_verifyCorrectGradeAndCommentCorrectnessUsingMinusAnnotation" time="0.0">
    <ignored/>
  </testcase> <!-- test_22_verifyCorrectGradeAndCommentCorrectnessUsingMinusAnnotation -->
  <testcase classname="tomaGradeSanity.OnlineExamsTests" name="test_21_verifyCorrectGradeAndCommentCorrectnessUsingPlusAnnotation" time="0.0">
    <ignored/>
  </testcase> <!-- test_21_verifyCorrectGradeAndCommentCorrectnessUsingPlusAnnotation -->
</testsuite> <!-- TomaGrade -->
