<?xml version="1.0" encoding="UTF-8"?>
<testsuite xmlns:xsi="http://www.w3.org/2001/XMLSchema-instance" xsi:noNamespaceSchemaLocation="https://maven.apache.org/surefire/maven-surefire-plugin/xsd/surefire-test-report.xsd" name="TestSuite" time="284.136" tests="29" errors="0" skipped="0" failures="0">
  <properties>
[...]
</properties>
  <testcase name="test_01_verifyCredentialsAreRequired" classname="tomaGradeSanity.LoginTests" time="1.787"/>
  <testcase name="test_02_verifySuccessfulLogin" classname="tomaGradeSanity.LoginTests" time="10.819"/>
  <testcase name="test_01_verifyLastConnectionDetailsAreDisplayed" classname="tomaGradeSanity.HomeScreenContentTests" time="0.058"/>
  <testcase name="test_02_verifyTomaxImageIsDisplayed" classname="tomaGradeSanity.HomeScreenContentTests" time="0.045"/>
  <testcase name="test_03_verifyActionsButtonsAreAvailable" classname="tomaGradeSanity.HomeScreenContentTests" time="0.296"/>
  <testcase name="test_04_verifyActionsButtonsHiddenText" classname="tomaGradeSanity.HomeScreenContentTests" time="0.107"/>
  <testcase name="test_05_verifyTopTabsAvailabilityAndContent" classname="tomaGradeSanity.HomeScreenContentTests" time="0.408"/>
  <testcase name="test_06_verifySelectedCourseDetails" classname="tomaGradeSanity.HomeScreenContentTests" time="14.941"/>
  <testcase name="test_07_verifySelectedCourseTopLeftDetails" classname="tomaGradeSanity.HomeScreenContentTests" time="0.049"/>
  <testcase name="test_08_verifyNumOfSelectedExams" classname="tomaGradeSanity.HomeScreenContentTests" time="0.044"/>
  <testcase name="test_09_verifyProcessStepsAreDisplayed" classname="tomaGradeSanity.HomeScreenContentTests" time="0.146"/>
  <testcase name="test_10_verifyEachProcessStepStatus" classname="tomaGradeSanity.HomeScreenContentTests" time="0.059"/>
  <testcase name="test_11_verifyOtherOperationMenuOptions" classname="tomaGradeSanity.HomeScreenContentTests" time="1.319"/>
  <testcase name="test_01_verifyAvailableGradingModesAndTheirDefault" classname="tomaGradeSanity.OnlineExamsTests" time="0.074"/>
  <testcase name="test_02_verifySelectedCourseDetails" classname="tomaGradeSanity.OnlineExamsTests" time="0.052"/>
  <testcase name="test_03_verifyNextAndPreviousExamButtons" classname="tomaGradeSanity.OnlineExamsTests" time="0.191"/>
  <testcase name="test_04_verifyStudentID" classname="tomaGradeSanity.OnlineExamsTests" time="0.055"/>
  <testcase name="test_05_verifyPageNumberIsDisplayed" classname="tomaGradeSanity.OnlineExamsTests" time="0.058"/>
  <testcase name="test_06_verifyApproveButtonAvailability" classname="tomaGradeSanity.OnlineExamsTests" time="0.112"/>
  <testcase name="test_07_verifyCorrectNumberOfExamines" classname="tomaGradeSanity.OnlineExamsTests" time="0.021"/>
  <testcase name="test_08_verifyBackToStudentsButtonProperties" classname="tomaGradeSanity.OnlineExamsTests" time="0.063"/>
  <testcase name="test_09_verifyActionLinksButtonsAreAvailable" classname="tomaGradeSanity.OnlineExamsTests" time="0.166"/>
  <testcase name="test_11_verifyActionLinksHiddenText" classname="tomaGradeSanity.OnlineExamsTests" time="0.116"/>
  <testcase name="test_12_verifyNumOfAnnotationToolbarSections" classname="tomaGradeSanity.OnlineExamsTests" time="0.021"/>
  <testcase name="test_13_verifyMaxPointsAndCommentCorrectnessUsingMainGAnnotation" classname="tomaGradeSanity.OnlineExamsTests" time="38.107"/>
  <testcase name="test_14_verifyCorrectGradeUsingMainGAnnotation" classname="tomaGradeSanity.OnlineExamsTests" time="24.302"/>
  <testcase name="test_15_verifyMaxPossibleGradeUsingVAnnotation" classname="tomaGradeSanity.OnlineExamsTests" time="24.112"/>
  <testcase name="test_16_verifyCorrectGradeAndCommentCorrectnessUsingInternalGAnnotation" classname="tomaGradeSanity.OnlineExamsTests" time="36.806"/>
  <testcase name="test_17_verifyMaxPossibleGradeUsingVAnnotation" classname="tomaGradeSanity.OnlineExamsTests" time="24.148"/>
</testsuite>